<?xml version="1.0" encoding="UTF-8"?>
<testng-results total="1" passed="0" failed="1" skipped="0">
  <reporter-output>
    <line>
      <![CDATA[<font color='Black'>Launching 'chrome' browser in local...</font></br>]]>
    </line>
    <line>
      <![CDATA[<font color='Black'>Navigating to URL : https://www.pyur.com/</font></br>]]>
    </line>
    <line>
      <![CDATA[<font color='Black'>***************EXECUTION OF TESTCASE ENDS HERE***************</font></br>]]>
    </line>
    <line>
      <![CDATA[<font color='Black'><B>Screenshot</B>:- <a href=C:/Users/pati-sa/Desktop/Selenium Project/web-automation-framework-master/LCAP/test-output/html/testBuyNowClick_2023-01-16_10-50-07.png target='_blank' >testBuyNowClick_2023-01-16_10-50-07.png</a></font></br>]]>
    </line>
    <line>
      <![CDATA[<font color='Black'><B>Page URL</B>:- <a href=https://www.pyur.com/ target='_blank' >https://www.pyur.com/</a></font></br>]]>
    </line>
    <line>
      <![CDATA[<font color='Black'>Browser is closed now.</font></br>]]>
    </line>
  </reporter-output>
  <suite started-at="2023-01-16T09:49:35Z" name="Default suite" finished-at="2023-01-16T09:50:08Z" duration-ms="33004">
    <groups>
    </groups>
    <test started-at="2023-01-16T09:49:35Z" name="Default test" finished-at="2023-01-16T09:50:08Z" duration-ms="33004">
      <class name="TestAutomation.LCAPBasicTest">
        <test-method signature="testBuyNowClick(TestAutomation.helpers.Config)[pri:0, instance:TestAutomation.LCAPBasicTest@6f7923a5]" started-at="2023-01-16T10:49:35Z" name="testBuyNowClick" description="This testcase is verifying successful buy now click to Midtrans demo site" data-provider="getTestConfig" finished-at="2023-01-16T10:50:07Z" duration-ms="32611" status="FAIL">
          <params>
            <param index="0">
              <value>
                <![CDATA[TestAutomation.helpers.Config@61544ae6]]>
              </value>
            </param>
          </params>
          <exception class="org.openqa.selenium.NoSuchElementException">
            <message>
              <![CDATA[no such element: Unable to locate element: {"method":"xpath","selector":"//button[@data-testid="uc-accept-all-button"]"}
  (Session info: chrome=109.0.5414.74)
For documentation on this error, please visit: http://seleniumhq.org/exceptions/no_such_element.html
Build info: version: '3.11.0', revision: 'e59cfb3', time: '2018-03-11T20:26:55.152Z'
System info: host: 'MUCWFT068', ip: '192.168.251.243', os.name: 'Windows 10', os.arch: 'amd64', os.version: '10.0', java.version: '17.0.4'
Driver info: org.openqa.selenium.chrome.ChromeDriver
Capabilities {acceptInsecureCerts: false, browserName: chrome, browserVersion: 109.0.5414.74, chrome: {chromedriverVersion: 109.0.5414.74 (e7c5703604da..., userDataDir: C:\Users\pati-sa\AppData\Lo...}, goog:chromeOptions: {debuggerAddress: localhost:55836}, javascriptEnabled: true, networkConnectionEnabled: false, pageLoadStrategy: normal, platform: WINDOWS, platformName: WINDOWS, proxy: Proxy(), setWindowRect: true, strictFileInteractability: false, timeouts: {implicit: 0, pageLoad: 300000, script: 30000}, unhandledPromptBehavior: dismiss and notify, webauthn:extension:credBlob: true, webauthn:extension:largeBlob: true, webauthn:virtualAuthenticators: true}
Session ID: 38d5e9c4d0bc38ffa1e7e74553d9b9cc
*** Element info: {Using=xpath, value=//button[@data-testid="uc-accept-all-button"]}]]>
            </message>
            <full-stacktrace>
              <![CDATA[org.openqa.selenium.NoSuchElementException: no such element: Unable to locate element: {"method":"xpath","selector":"//button[@data-testid="uc-accept-all-button"]"}
  (Session info: chrome=109.0.5414.74)
For documentation on this error, please visit: http://seleniumhq.org/exceptions/no_such_element.html
Build info: version: '3.11.0', revision: 'e59cfb3', time: '2018-03-11T20:26:55.152Z'
System info: host: 'MUCWFT068', ip: '192.168.251.243', os.name: 'Windows 10', os.arch: 'amd64', os.version: '10.0', java.version: '17.0.4'
Driver info: org.openqa.selenium.chrome.ChromeDriver
Capabilities {acceptInsecureCerts: false, browserName: chrome, browserVersion: 109.0.5414.74, chrome: {chromedriverVersion: 109.0.5414.74 (e7c5703604da..., userDataDir: C:\Users\pati-sa\AppData\Lo...}, goog:chromeOptions: {debuggerAddress: localhost:55836}, javascriptEnabled: true, networkConnectionEnabled: false, pageLoadStrategy: normal, platform: WINDOWS, platformName: WINDOWS, proxy: Proxy(), setWindowRect: true, strictFileInteractability: false, timeouts: {implicit: 0, pageLoad: 300000, script: 30000}, unhandledPromptBehavior: dismiss and notify, webauthn:extension:credBlob: true, webauthn:extension:largeBlob: true, webauthn:virtualAuthenticators: true}
Session ID: 38d5e9c4d0bc38ffa1e7e74553d9b9cc
*** Element info: {Using=xpath, value=//button[@data-testid="uc-accept-all-button"]}
	at java.base/jdk.internal.reflect.NativeConstructorAccessorImpl.newInstance0(Native Method)
	at java.base/jdk.internal.reflect.NativeConstructorAccessorImpl.newInstance(NativeConstructorAccessorImpl.java:77)
	at java.base/jdk.internal.reflect.DelegatingConstructorAccessorImpl.newInstance(DelegatingConstructorAccessorImpl.java:45)
	at java.base/java.lang.reflect.Constructor.newInstanceWithCaller(Constructor.java:499)
	at java.base/java.lang.reflect.Constructor.newInstance(Constructor.java:480)
	at org.openqa.selenium.remote.http.W3CHttpResponseCodec.createException(W3CHttpResponseCodec.java:187)
	at org.openqa.selenium.remote.http.W3CHttpResponseCodec.decode(W3CHttpResponseCodec.java:122)
	at org.openqa.selenium.remote.http.W3CHttpResponseCodec.decode(W3CHttpResponseCodec.java:49)
	at org.openqa.selenium.remote.HttpCommandExecutor.execute(HttpCommandExecutor.java:158)
	at org.openqa.selenium.remote.service.DriverCommandExecutor.execute(DriverCommandExecutor.java:83)
	at org.openqa.selenium.remote.RemoteWebDriver.execute(RemoteWebDriver.java:545)
	at org.openqa.selenium.remote.RemoteWebDriver.findElement(RemoteWebDriver.java:319)
	at org.openqa.selenium.remote.RemoteWebDriver.findElementByXPath(RemoteWebDriver.java:421)
	at org.openqa.selenium.By$ByXPath.findElement(By.java:361)
	at org.openqa.selenium.remote.RemoteWebDriver.findElement(RemoteWebDriver.java:311)
	at TestAutomation.LCAPBasicTest.testBuyNowClick(LCAPBasicTest.java:27)
	at java.base/jdk.internal.reflect.NativeMethodAccessorImpl.invoke0(Native Method)
	at java.base/jdk.internal.reflect.NativeMethodAccessorImpl.invoke(NativeMethodAccessorImpl.java:77)
	at java.base/jdk.internal.reflect.DelegatingMethodAccessorImpl.invoke(DelegatingMethodAccessorImpl.java:43)
	at java.base/java.lang.reflect.Method.invoke(Method.java:568)
	at org.testng.internal.MethodInvocationHelper.invokeMethod(MethodInvocationHelper.java:84)
	at org.testng.internal.Invoker.invokeMethod(Invoker.java:714)
	at org.testng.internal.Invoker.invokeTestMethod(Invoker.java:901)
	at org.testng.internal.Invoker.invokeTestMethods(Invoker.java:1231)
	at org.testng.internal.TestMethodWorker.invokeTestMethods(TestMethodWorker.java:127)
	at org.testng.internal.TestMethodWorker.run(TestMethodWorker.java:111)
	at org.testng.TestRunner.privateRun(TestRunner.java:767)
	at org.testng.TestRunner.run(TestRunner.java:617)
	at org.testng.SuiteRunner.runTest(SuiteRunner.java:348)
	at org.testng.SuiteRunner.runSequentially(SuiteRunner.java:343)
	at org.testng.SuiteRunner.privateRun(SuiteRunner.java:305)
	at org.testng.SuiteRunner.run(SuiteRunner.java:254)
	at org.testng.SuiteRunnerWorker.runSuite(SuiteRunnerWorker.java:52)
	at org.testng.SuiteRunnerWorker.run(SuiteRunnerWorker.java:86)
	at org.testng.TestNG.runSuitesSequentially(TestNG.java:1224)
	at org.testng.TestNG.runSuitesLocally(TestNG.java:1149)
	at org.testng.TestNG.run(TestNG.java:1057)
	at org.testng.remote.AbstractRemoteTestNG.run(AbstractRemoteTestNG.java:115)
	at org.testng.remote.RemoteTestNG.initAndRun(RemoteTestNG.java:251)
	at org.testng.remote.RemoteTestNG.main(RemoteTestNG.java:77)
]]>
            </full-stacktrace>
          </exception> <!-- org.openqa.selenium.NoSuchElementException -->
          <reporter-output>
            <line>
              <![CDATA[<font color='Black'>Launching 'chrome' browser in local...</font></br>]]>
            </line>
            <line>
              <![CDATA[<font color='Black'>Navigating to URL : https://www.pyur.com/</font></br>]]>
            </line>
            <line>
              <![CDATA[<font color='Black'>***************EXECUTION OF TESTCASE ENDS HERE***************</font></br>]]>
            </line>
            <line>
              <![CDATA[<font color='Black'><B>Screenshot</B>:- <a href=C:/Users/pati-sa/Desktop/Selenium Project/web-automation-framework-master/LCAP/test-output/html/testBuyNowClick_2023-01-16_10-50-07.png target='_blank' >testBuyNowClick_2023-01-16_10-50-07.png</a></font></br>]]>
            </line>
            <line>
              <![CDATA[<font color='Black'><B>Page URL</B>:- <a href=https://www.pyur.com/ target='_blank' >https://www.pyur.com/</a></font></br>]]>
            </line>
          </reporter-output>
        </test-method> <!-- testBuyNowClick -->
        <test-method is-config="true" signature="afterMethod()[pri:0, instance:TestAutomation.LCAPBasicTest@6f7923a5]" started-at="2023-01-16T10:50:08Z" name="afterMethod" finished-at="2023-01-16T10:50:08Z" duration-ms="174" status="PASS">
          <reporter-output>
            <line>
              <![CDATA[<font color='Black'>Browser is closed now.</font></br>]]>
            </line>
          </reporter-output>
        </test-method> <!-- afterMethod -->
      </class> <!-- TestAutomation.LCAPBasicTest -->
    </test> <!-- Default test -->
  </suite> <!-- Default suite -->
</testng-results>
